<?xml version="1.0" encoding="UTF-8"?>
<testng-results ignored="0" total="1" passed="1" failed="0" skipped="0">
  <reporter-output>
  </reporter-output>
  <suite started-at="2019-08-02T02:57:09Z" name="Suite" finished-at="2019-08-02T02:57:37Z" duration-ms="28249">
    <groups>
    </groups>
    <test started-at="2019-08-02T02:57:09Z" name="Test" finished-at="2019-08-02T02:57:37Z" duration-ms="28249">
      <class name="test.TestNG_Demo">
        <test-method is-config="true" signature="setUpTest()[pri:0, instance:test.TestNG_Demo@20d525]" started-at="2019-08-02T02:57:09Z" name="setUpTest" finished-at="2019-08-02T02:57:11Z" duration-ms="2384" status="PASS">
          <reporter-output>
          </reporter-output>
        </test-method> <!-- setUpTest -->
        <test-method signature="googleSearch()[pri:0, instance:test.TestNG_Demo@20d525]" started-at="2019-08-02T02:57:11Z" name="googleSearch" finished-at="2019-08-02T02:57:37Z" duration-ms="25669" status="PASS">
          <reporter-output>
          </reporter-output>
        </test-method> <!-- googleSearch -->
        <test-method is-config="true" signature="tearDownTest()[pri:0, instance:test.TestNG_Demo@20d525]" started-at="2019-08-02T02:57:37Z" name="tearDownTest" finished-at="2019-08-02T02:57:37Z" duration-ms="170" status="PASS">
          <reporter-output>
          </reporter-output>
        </test-method> <!-- tearDownTest -->
      </class> <!-- test.TestNG_Demo -->
    </test> <!-- Test -->
  </suite> <!-- Suite -->
</testng-results>
